[info] Server is started running, You are listening the port: 10000, 2023-12-20 16:51:33 
[info] Server is running!
API documentation: http://localhost:10000/doc, 2023-12-20 16:51:33 
[info] Connect to mongoDb Server: ac-2zusv6v-shard-00-00.lq7uklz.mongodb.net, 2023-12-20 16:51:36 
[info] Server is started running, You are listening the port: 10000, 2023-12-20 16:53:25 
[info] Server is running!
API documentation: http://localhost:10000/doc, 2023-12-20 16:53:25 
[info] Connect to mongoDb Server: ac-2zusv6v-shard-00-00.lq7uklz.mongodb.net, 2023-12-20 16:53:26 
[info] Server is started running, You are listening the port: 10000, 2023-12-20 17:36:05 
[info] Server is running!
API documentation: http://localhost:10000/doc, 2023-12-20 17:36:05 
[info] Server is started running, You are listening the port: 10000, 2023-12-20 18:06:40 
[info] Server is running!
API documentation: http://localhost:10000/doc, 2023-12-20 18:06:40 
[info] Connect to mongoDb Server: ac-2zusv6v-shard-00-00.lq7uklz.mongodb.net, 2023-12-20 18:06:41 
[info] Server is started running, You are listening the port: 10000, 2023-12-20 18:09:01 
[info] Server is running!
API documentation: http://localhost:10000/doc, 2023-12-20 18:09:01 
[info] Connect to mongoDb Server: ac-2zusv6v-shard-00-00.lq7uklz.mongodb.net, 2023-12-20 18:09:02 
[info] Server is started running, You are listening the port: 10000, 2023-12-20 18:09:15 
[info] Server is running!
API documentation: http://localhost:10000/doc, 2023-12-20 18:09:15 
[info] Connect to mongoDb Server: ac-2zusv6v-shard-00-02.lq7uklz.mongodb.net, 2023-12-20 18:09:15 
[info] Server is started running, You are listening the port: 10000, 2023-12-20 18:10:24 
[info] Server is running!
API documentation: http://localhost:10000/doc, 2023-12-20 18:10:24 
[info] Connect to mongoDb Server: ac-2zusv6v-shard-00-00.lq7uklz.mongodb.net, 2023-12-20 18:10:24 
[info] Server is started running, You are listening the port: 10000, 2023-12-20 18:14:17 
[info] Server is running!
API documentation: http://localhost:10000/doc, 2023-12-20 18:14:17 
[info] Connect to mongoDb Server: ac-2zusv6v-shard-00-00.lq7uklz.mongodb.net, 2023-12-20 18:14:18 
[info] Server is started running, You are listening the port: 10000, 2023-12-21 13:30:30 
[info] Server is running!
API documentation: http://localhost:10000/doc, 2023-12-21 13:30:30 
[info] Connect to mongoDb Server: ac-2zusv6v-shard-00-00.lq7uklz.mongodb.net, 2023-12-21 13:30:30 
[info] Server is started running, You are listening the port: 10000, 2023-12-21 13:30:41 
[info] Server is running!
API documentation: http://localhost:10000/doc, 2023-12-21 13:30:41 
[info] Connect to mongoDb Server: ac-2zusv6v-shard-00-02.lq7uklz.mongodb.net, 2023-12-21 13:30:41 
[info] Server is started running, You are listening the port: 10000, 2023-12-21 13:30:46 
[info] Server is running!
API documentation: http://localhost:10000/doc, 2023-12-21 13:30:46 
[info] Connect to mongoDb Server: ac-2zusv6v-shard-00-02.lq7uklz.mongodb.net, 2023-12-21 13:30:47 
[info] Server is started running, You are listening the port: 10000, 2023-12-21 13:30:48 
[info] Server is running!
API documentation: http://localhost:10000/doc, 2023-12-21 13:30:48 
[info] Connect to mongoDb Server: ac-2zusv6v-shard-00-02.lq7uklz.mongodb.net, 2023-12-21 13:30:49 
[info] Server is started running, You are listening the port: 10000, 2023-12-21 13:30:53 
[info] Server is running!
API documentation: http://localhost:10000/doc, 2023-12-21 13:30:53 
[info] Connect to mongoDb Server: ac-2zusv6v-shard-00-02.lq7uklz.mongodb.net, 2023-12-21 13:30:54 
[info] Server is started running, You are listening the port: 10000, 2023-12-21 13:32:20 
[info] Server is running!
API documentation: http://localhost:10000/doc, 2023-12-21 13:32:20 
[info] Connect to mongoDb Server: ac-2zusv6v-shard-00-00.lq7uklz.mongodb.net, 2023-12-21 13:32:21 
[info] Server is started running, You are listening the port: 10000, 2023-12-21 13:33:16 
[info] Server is running!
API documentation: http://localhost:10000/doc, 2023-12-21 13:33:16 
[info] Connect to mongoDb Server: ac-2zusv6v-shard-00-02.lq7uklz.mongodb.net, 2023-12-21 13:33:16 
[info] Server is started running, You are listening the port: 10000, 2023-12-21 13:33:36 
[info] Server is running!
API documentation: http://localhost:10000/doc, 2023-12-21 13:33:36 
[info] Server is started running, You are listening the port: 10000, 2023-12-21 13:33:38 
[info] Server is running!
API documentation: http://localhost:10000/doc, 2023-12-21 13:33:38 
[info] Connect to mongoDb Server: ac-2zusv6v-shard-00-02.lq7uklz.mongodb.net, 2023-12-21 13:33:38 
[info] Server is started running, You are listening the port: 10000, 2023-12-21 13:33:40 
[info] Server is running!
API documentation: http://localhost:10000/doc, 2023-12-21 13:33:40 
[info] Connect to mongoDb Server: ac-2zusv6v-shard-00-02.lq7uklz.mongodb.net, 2023-12-21 13:33:40 
[info] Server is started running, You are listening the port: 10000, 2023-12-21 13:34:06 
[info] Server is running!
API documentation: http://localhost:10000/doc, 2023-12-21 13:34:06 
[info] Connect to mongoDb Server: ac-2zusv6v-shard-00-02.lq7uklz.mongodb.net, 2023-12-21 13:34:07 
[info] Server is started running, You are listening the port: 10000, 2023-12-21 13:34:18 
[info] Server is running!
API documentation: http://localhost:10000/doc, 2023-12-21 13:34:18 
[info] Connect to mongoDb Server: ac-2zusv6v-shard-00-02.lq7uklz.mongodb.net, 2023-12-21 13:34:19 
[info] Server is started running, You are listening the port: 10000, 2023-12-21 13:34:58 
[info] Server is running!
API documentation: http://localhost:10000/doc, 2023-12-21 13:34:58 
[info] Connect to mongoDb Server: ac-2zusv6v-shard-00-00.lq7uklz.mongodb.net, 2023-12-21 13:34:59 
[info] Server is started running, You are listening the port: 10000, 2023-12-21 13:35:19 
[info] Server is running!
API documentation: http://localhost:10000/doc, 2023-12-21 13:35:19 
[info] Connect to mongoDb Server: ac-2zusv6v-shard-00-02.lq7uklz.mongodb.net, 2023-12-21 13:35:20 
[info] Server is started running, You are listening the port: 10000, 2023-12-21 13:35:29 
[info] Server is running!
API documentation: http://localhost:10000/doc, 2023-12-21 13:35:29 
[info] Connect to mongoDb Server: ac-2zusv6v-shard-00-02.lq7uklz.mongodb.net, 2023-12-21 13:35:29 
[info] Server is started running, You are listening the port: 10000, 2023-12-21 13:35:49 
[info] Server is running!
API documentation: http://localhost:10000/doc, 2023-12-21 13:35:49 
[info] Connect to mongoDb Server: ac-2zusv6v-shard-00-02.lq7uklz.mongodb.net, 2023-12-21 13:35:50 
[info] Server is started running, You are listening the port: 10000, 2023-12-21 13:35:52 
[info] Server is running!
API documentation: http://localhost:10000/doc, 2023-12-21 13:35:52 
[info] Connect to mongoDb Server: ac-2zusv6v-shard-00-02.lq7uklz.mongodb.net, 2023-12-21 13:35:53 
[info] Server is started running, You are listening the port: 10000, 2023-12-21 13:35:58 
[info] Server is running!
API documentation: http://localhost:10000/doc, 2023-12-21 13:35:58 
[info] Connect to mongoDb Server: ac-2zusv6v-shard-00-02.lq7uklz.mongodb.net, 2023-12-21 13:35:58 
[info] Server is started running, You are listening the port: 10000, 2023-12-21 13:36:11 
[info] Server is running!
API documentation: http://localhost:10000/doc, 2023-12-21 13:36:11 
[info] Connect to mongoDb Server: ac-2zusv6v-shard-00-00.lq7uklz.mongodb.net, 2023-12-21 13:36:11 
[info] Server is started running, You are listening the port: 10000, 2023-12-21 13:36:20 
[info] Server is running!
API documentation: http://localhost:10000/doc, 2023-12-21 13:36:20 
[info] Connect to mongoDb Server: ac-2zusv6v-shard-00-02.lq7uklz.mongodb.net, 2023-12-21 13:36:21 
[info] Server is started running, You are listening the port: 10000, 2023-12-21 13:36:28 
[info] Server is running!
API documentation: http://localhost:10000/doc, 2023-12-21 13:36:28 
[info] Connect to mongoDb Server: ac-2zusv6v-shard-00-02.lq7uklz.mongodb.net, 2023-12-21 13:36:28 
[info] Server is started running, You are listening the port: 10000, 2023-12-21 13:36:31 
[info] Server is running!
API documentation: http://localhost:10000/doc, 2023-12-21 13:36:31 
[info] Connect to mongoDb Server: ac-2zusv6v-shard-00-02.lq7uklz.mongodb.net, 2023-12-21 13:36:32 
[info] Server is started running, You are listening the port: 10000, 2023-12-21 13:36:34 
[info] Server is running!
API documentation: http://localhost:10000/doc, 2023-12-21 13:36:34 
[info] Connect to mongoDb Server: ac-2zusv6v-shard-00-02.lq7uklz.mongodb.net, 2023-12-21 13:36:35 
[info] Server is started running, You are listening the port: 10000, 2023-12-21 13:36:47 
[info] Server is running!
API documentation: http://localhost:10000/doc, 2023-12-21 13:36:47 
[info] Connect to mongoDb Server: ac-2zusv6v-shard-00-02.lq7uklz.mongodb.net, 2023-12-21 13:36:47 
[info] Server is started running, You are listening the port: 10000, 2023-12-21 13:36:51 
[info] Server is running!
API documentation: http://localhost:10000/doc, 2023-12-21 13:36:51 
[info] Connect to mongoDb Server: ac-2zusv6v-shard-00-02.lq7uklz.mongodb.net, 2023-12-21 13:36:52 
[info] Server is started running, You are listening the port: 10000, 2023-12-21 13:37:00 
[info] Server is running!
API documentation: http://localhost:10000/doc, 2023-12-21 13:37:00 
[info] Connect to mongoDb Server: ac-2zusv6v-shard-00-02.lq7uklz.mongodb.net, 2023-12-21 13:37:00 
[info] Server is started running, You are listening the port: 10000, 2023-12-21 13:37:02 
[info] Server is running!
API documentation: http://localhost:10000/doc, 2023-12-21 13:37:02 
[info] Connect to mongoDb Server: ac-2zusv6v-shard-00-02.lq7uklz.mongodb.net, 2023-12-21 13:37:03 
[info] Server is started running, You are listening the port: 10000, 2023-12-21 13:37:05 
[info] Server is running!
API documentation: http://localhost:10000/doc, 2023-12-21 13:37:05 
[info] Connect to mongoDb Server: ac-2zusv6v-shard-00-02.lq7uklz.mongodb.net, 2023-12-21 13:37:06 
[info] Server is started running, You are listening the port: 10000, 2023-12-21 13:37:08 
[info] Server is running!
API documentation: http://localhost:10000/doc, 2023-12-21 13:37:08 
[info] Connect to mongoDb Server: ac-2zusv6v-shard-00-02.lq7uklz.mongodb.net, 2023-12-21 13:37:08 
[info] Server is started running, You are listening the port: 10000, 2023-12-21 13:37:09 
[info] Server is running!
API documentation: http://localhost:10000/doc, 2023-12-21 13:37:09 
[info] Connect to mongoDb Server: ac-2zusv6v-shard-00-02.lq7uklz.mongodb.net, 2023-12-21 13:37:10 
[info] Server is started running, You are listening the port: 10000, 2023-12-21 13:37:16 
[info] Server is running!
API documentation: http://localhost:10000/doc, 2023-12-21 13:37:16 
[info] Connect to mongoDb Server: ac-2zusv6v-shard-00-00.lq7uklz.mongodb.net, 2023-12-21 13:37:17 
[info] Server is started running, You are listening the port: 10000, 2023-12-21 13:37:20 
[info] Server is running!
API documentation: http://localhost:10000/doc, 2023-12-21 13:37:20 
[info] Server is started running, You are listening the port: 10000, 2023-12-21 13:37:21 
[info] Server is running!
API documentation: http://localhost:10000/doc, 2023-12-21 13:37:21 
[info] Connect to mongoDb Server: ac-2zusv6v-shard-00-02.lq7uklz.mongodb.net, 2023-12-21 13:37:22 
[info] Server is started running, You are listening the port: 10000, 2023-12-21 13:37:23 
[info] Server is running!
API documentation: http://localhost:10000/doc, 2023-12-21 13:37:23 
[info] Connect to mongoDb Server: ac-2zusv6v-shard-00-02.lq7uklz.mongodb.net, 2023-12-21 13:37:24 
[info] Server is started running, You are listening the port: 10000, 2023-12-21 13:37:29 
[info] Server is running!
API documentation: http://localhost:10000/doc, 2023-12-21 13:37:29 
[info] Connect to mongoDb Server: ac-2zusv6v-shard-00-02.lq7uklz.mongodb.net, 2023-12-21 13:37:29 
[info] Server is started running, You are listening the port: 10000, 2023-12-21 13:37:33 
[info] Server is running!
API documentation: http://localhost:10000/doc, 2023-12-21 13:37:33 
[info] Connect to mongoDb Server: ac-2zusv6v-shard-00-02.lq7uklz.mongodb.net, 2023-12-21 13:37:34 
[info] Server is started running, You are listening the port: 10000, 2023-12-21 13:37:38 
[info] Server is running!
API documentation: http://localhost:10000/doc, 2023-12-21 13:37:38 
[info] Connect to mongoDb Server: ac-2zusv6v-shard-00-02.lq7uklz.mongodb.net, 2023-12-21 13:37:38 
[info] Server is started running, You are listening the port: 10000, 2023-12-21 13:44:38 
[info] Server is running!
API documentation: http://localhost:10000/doc, 2023-12-21 13:44:38 
[info] Connect to mongoDb Server: ac-2zusv6v-shard-00-00.lq7uklz.mongodb.net, 2023-12-21 13:44:39 
[info] All task have been responded!, 2023-12-21 13:45:13 
[info] All task have been responded!, 2023-12-21 13:45:19 
[info] All task have been responded!, 2023-12-21 15:08:56 
[info] Server is started running, You are listening the port: 10000, 2023-12-21 15:14:41 
[info] Server is running!
API documentation: http://localhost:10000/doc, 2023-12-21 15:14:41 
[info] Connect to mongoDb Server: ac-2zusv6v-shard-00-00.lq7uklz.mongodb.net, 2023-12-21 15:14:43 
[info] Server is started running, You are listening the port: 10000, 2023-12-21 15:14:44 
[info] Server is running!
API documentation: http://localhost:10000/doc, 2023-12-21 15:14:45 
[info] Connect to mongoDb Server: ac-2zusv6v-shard-00-02.lq7uklz.mongodb.net, 2023-12-21 15:14:45 
[info] Server is started running, You are listening the port: 10000, 2023-12-21 15:15:12 
[info] Server is running!
API documentation: http://localhost:10000/doc, 2023-12-21 15:15:12 
[info] Connect to mongoDb Server: ac-2zusv6v-shard-00-02.lq7uklz.mongodb.net, 2023-12-21 15:15:13 
[info] Server is started running, You are listening the port: 10000, 2023-12-21 15:15:17 
[info] Server is running!
API documentation: http://localhost:10000/doc, 2023-12-21 15:15:17 
[info] Server is started running, You are listening the port: 10000, 2023-12-21 15:15:22 
[info] Server is running!
API documentation: http://localhost:10000/doc, 2023-12-21 15:15:22 
[info] Connect to mongoDb Server: ac-2zusv6v-shard-00-02.lq7uklz.mongodb.net, 2023-12-21 15:15:23 
[info] Server is started running, You are listening the port: 10000, 2023-12-21 15:15:42 
[info] Server is running!
API documentation: http://localhost:10000/doc, 2023-12-21 15:15:42 
[info] Connect to mongoDb Server: ac-2zusv6v-shard-00-00.lq7uklz.mongodb.net, 2023-12-21 15:15:43 
[info] Server is started running, You are listening the port: 10000, 2023-12-21 15:15:54 
[info] Server is running!
API documentation: http://localhost:10000/doc, 2023-12-21 15:15:54 
[info] Connect to mongoDb Server: ac-2zusv6v-shard-00-02.lq7uklz.mongodb.net, 2023-12-21 15:15:55 
[info] Server is started running, You are listening the port: 10000, 2023-12-21 15:15:56 
[info] Server is running!
API documentation: http://localhost:10000/doc, 2023-12-21 15:15:56 
[info] Connect to mongoDb Server: ac-2zusv6v-shard-00-02.lq7uklz.mongodb.net, 2023-12-21 15:15:58 
[info] Server is started running, You are listening the port: 10000, 2023-12-21 15:16:06 
[info] Server is running!
API documentation: http://localhost:10000/doc, 2023-12-21 15:16:06 
[info] Connect to mongoDb Server: ac-2zusv6v-shard-00-00.lq7uklz.mongodb.net, 2023-12-21 15:16:11 
[info] Server is started running, You are listening the port: 10000, 2023-12-21 15:16:42 
[info] Server is running!
API documentation: http://localhost:10000/doc, 2023-12-21 15:16:42 
[info] Connect to mongoDb Server: ac-2zusv6v-shard-00-00.lq7uklz.mongodb.net, 2023-12-21 15:16:43 
[info] Server is started running, You are listening the port: 10000, 2023-12-21 15:17:09 
[info] Server is running!
API documentation: http://localhost:10000/doc, 2023-12-21 15:17:09 
[info] Connect to mongoDb Server: ac-2zusv6v-shard-00-02.lq7uklz.mongodb.net, 2023-12-21 15:17:10 
[info] Server is started running, You are listening the port: 10000, 2023-12-21 15:17:16 
[info] Server is running!
API documentation: http://localhost:10000/doc, 2023-12-21 15:17:16 
[info] Server is started running, You are listening the port: 10000, 2023-12-21 15:17:17 
[info] Server is running!
API documentation: http://localhost:10000/doc, 2023-12-21 15:17:17 
[info] Connect to mongoDb Server: ac-2zusv6v-shard-00-02.lq7uklz.mongodb.net, 2023-12-21 15:17:18 
[info] All task have been responded!, 2023-12-21 15:31:05 
[info] All task have been responded!, 2023-12-21 15:31:15 
[info] All task have been responded!, 2023-12-21 15:31:19 
[info] Server is started running, You are listening the port: 10000, 2023-12-21 15:35:34 
[info] Server is running!
API documentation: http://localhost:10000/doc, 2023-12-21 15:35:34 
[info] Connect to mongoDb Server: ac-2zusv6v-shard-00-00.lq7uklz.mongodb.net, 2023-12-21 15:35:35 
[info] Server is started running, You are listening the port: 10000, 2023-12-21 15:35:42 
[info] Server is running!
API documentation: http://localhost:10000/doc, 2023-12-21 15:35:42 
[info] Connect to mongoDb Server: ac-2zusv6v-shard-00-02.lq7uklz.mongodb.net, 2023-12-21 15:35:43 
[info] Server is started running, You are listening the port: 10000, 2023-12-21 15:36:13 
[info] Server is running!
API documentation: http://localhost:10000/doc, 2023-12-21 15:36:13 
[info] Connect to mongoDb Server: ac-2zusv6v-shard-00-02.lq7uklz.mongodb.net, 2023-12-21 15:36:13 
[info] Server is started running, You are listening the port: 10000, 2023-12-21 15:36:18 
[info] Server is running!
API documentation: http://localhost:10000/doc, 2023-12-21 15:36:18 
[info] Connect to mongoDb Server: ac-2zusv6v-shard-00-02.lq7uklz.mongodb.net, 2023-12-21 15:36:19 
[info] Server is started running, You are listening the port: 10000, 2023-12-21 15:36:29 
[info] Server is running!
API documentation: http://localhost:10000/doc, 2023-12-21 15:36:29 
[info] Connect to mongoDb Server: ac-2zusv6v-shard-00-02.lq7uklz.mongodb.net, 2023-12-21 15:36:29 
[info] Server is started running, You are listening the port: 10000, 2023-12-21 15:37:13 
[info] Server is running!
API documentation: http://localhost:10000/doc, 2023-12-21 15:37:13 
[info] Connect to mongoDb Server: ac-2zusv6v-shard-00-00.lq7uklz.mongodb.net, 2023-12-21 15:37:14 
[info] Server is started running, You are listening the port: 10000, 2023-12-21 15:37:16 
[info] Server is running!
API documentation: http://localhost:10000/doc, 2023-12-21 15:37:16 
[info] Connect to mongoDb Server: ac-2zusv6v-shard-00-02.lq7uklz.mongodb.net, 2023-12-21 15:37:16 
[info] Server is started running, You are listening the port: 10000, 2023-12-21 15:37:18 
[info] Server is running!
API documentation: http://localhost:10000/doc, 2023-12-21 15:37:18 
[info] Connect to mongoDb Server: ac-2zusv6v-shard-00-02.lq7uklz.mongodb.net, 2023-12-21 15:37:19 
[info] Server is started running, You are listening the port: 10000, 2023-12-21 15:37:22 
[info] Server is running!
API documentation: http://localhost:10000/doc, 2023-12-21 15:37:22 
[info] Server is started running, You are listening the port: 10000, 2023-12-21 15:37:27 
[info] Server is running!
API documentation: http://localhost:10000/doc, 2023-12-21 15:37:27 
[info] Connect to mongoDb Server: ac-2zusv6v-shard-00-02.lq7uklz.mongodb.net, 2023-12-21 15:37:28 
[info] Server is started running, You are listening the port: 10000, 2023-12-21 15:37:46 
[info] Server is running!
API documentation: http://localhost:10000/doc, 2023-12-21 15:37:46 
[info] Connect to mongoDb Server: ac-2zusv6v-shard-00-02.lq7uklz.mongodb.net, 2023-12-21 15:37:46 
[info] Server is started running, You are listening the port: 10000, 2023-12-21 15:37:48 
[info] Server is running!
API documentation: http://localhost:10000/doc, 2023-12-21 15:37:48 
[info] Connect to mongoDb Server: ac-2zusv6v-shard-00-02.lq7uklz.mongodb.net, 2023-12-21 15:37:49 
[info] Server is started running, You are listening the port: 10000, 2023-12-21 15:37:59 
[info] Server is running!
API documentation: http://localhost:10000/doc, 2023-12-21 15:37:59 
[info] Connect to mongoDb Server: ac-2zusv6v-shard-00-02.lq7uklz.mongodb.net, 2023-12-21 15:38:00 
[info] Server is started running, You are listening the port: 10000, 2023-12-21 15:38:01 
[info] Server is running!
API documentation: http://localhost:10000/doc, 2023-12-21 15:38:01 
[info] Server is started running, You are listening the port: 10000, 2023-12-21 15:38:05 
[info] Server is running!
API documentation: http://localhost:10000/doc, 2023-12-21 15:38:05 
[info] Connect to mongoDb Server: ac-2zusv6v-shard-00-02.lq7uklz.mongodb.net, 2023-12-21 15:38:06 
[info] Server is started running, You are listening the port: 10000, 2023-12-21 15:38:08 
[info] Server is running!
API documentation: http://localhost:10000/doc, 2023-12-21 15:38:08 
[info] Connect to mongoDb Server: ac-2zusv6v-shard-00-02.lq7uklz.mongodb.net, 2023-12-21 15:38:09 
[info] Server is started running, You are listening the port: 10000, 2023-12-21 15:38:13 
[info] Server is running!
API documentation: http://localhost:10000/doc, 2023-12-21 15:38:13 
[info] Connect to mongoDb Server: ac-2zusv6v-shard-00-02.lq7uklz.mongodb.net, 2023-12-21 15:38:13 
[info] Server is started running, You are listening the port: 10000, 2023-12-21 15:38:20 
[info] Server is running!
API documentation: http://localhost:10000/doc, 2023-12-21 15:38:20 
[info] Connect to mongoDb Server: ac-2zusv6v-shard-00-00.lq7uklz.mongodb.net, 2023-12-21 15:38:21 
[info] Server is started running, You are listening the port: 10000, 2023-12-21 15:38:32 
[info] Server is running!
API documentation: http://localhost:10000/doc, 2023-12-21 15:38:32 
[info] Connect to mongoDb Server: ac-2zusv6v-shard-00-02.lq7uklz.mongodb.net, 2023-12-21 15:38:32 
[info] Server is started running, You are listening the port: 10000, 2023-12-21 15:38:40 
[info] Server is running!
API documentation: http://localhost:10000/doc, 2023-12-21 15:38:40 
[info] Connect to mongoDb Server: ac-2zusv6v-shard-00-02.lq7uklz.mongodb.net, 2023-12-21 15:38:41 
[info] Server is started running, You are listening the port: 10000, 2023-12-21 15:43:38 
[info] Server is running!
API documentation: http://localhost:10000/doc, 2023-12-21 15:43:38 
[info] Connect to mongoDb Server: ac-2zusv6v-shard-00-00.lq7uklz.mongodb.net, 2023-12-21 15:43:39 
[info] Server is started running, You are listening the port: 10000, 2023-12-21 15:44:06 
[info] Server is running!
API documentation: http://localhost:10000/doc, 2023-12-21 15:44:06 
[info] Server is started running, You are listening the port: 10000, 2023-12-21 15:44:17 
[info] Server is running!
API documentation: http://localhost:10000/doc, 2023-12-21 15:44:17 
[info] Server is started running, You are listening the port: 10000, 2023-12-21 15:44:21 
[info] Server is running!
API documentation: http://localhost:10000/doc, 2023-12-21 15:44:21 
[info] Server is started running, You are listening the port: 10000, 2023-12-21 15:44:22 
[info] Server is running!
API documentation: http://localhost:10000/doc, 2023-12-21 15:44:22 
[info] Server is started running, You are listening the port: 10000, 2023-12-21 15:44:24 
[info] Server is running!
API documentation: http://localhost:10000/doc, 2023-12-21 15:44:24 
[info] Connect to mongoDb Server: ac-2zusv6v-shard-00-02.lq7uklz.mongodb.net, 2023-12-21 15:44:27 
[info] Server is started running, You are listening the port: 10000, 2023-12-21 15:44:30 
[info] Server is running!
API documentation: http://localhost:10000/doc, 2023-12-21 15:44:30 
[info] Connect to mongoDb Server: ac-2zusv6v-shard-00-02.lq7uklz.mongodb.net, 2023-12-21 15:44:31 
[info] Server is started running, You are listening the port: 10000, 2023-12-21 15:44:46 
[info] Server is running!
API documentation: http://localhost:10000/doc, 2023-12-21 15:44:46 
[info] Connect to mongoDb Server: ac-2zusv6v-shard-00-02.lq7uklz.mongodb.net, 2023-12-21 15:44:47 
[info] Server is started running, You are listening the port: 10000, 2023-12-21 15:44:49 
[info] Server is running!
API documentation: http://localhost:10000/doc, 2023-12-21 15:44:49 
[info] Connect to mongoDb Server: ac-2zusv6v-shard-00-02.lq7uklz.mongodb.net, 2023-12-21 15:44:50 
[info] Server is started running, You are listening the port: 10000, 2023-12-21 15:44:53 
[info] Server is running!
API documentation: http://localhost:10000/doc, 2023-12-21 15:44:53 
[info] Connect to mongoDb Server: ac-2zusv6v-shard-00-02.lq7uklz.mongodb.net, 2023-12-21 15:44:54 
[info] Server is started running, You are listening the port: 10000, 2023-12-21 15:45:03 
[info] Server is running!
API documentation: http://localhost:10000/doc, 2023-12-21 15:45:03 
[info] Connect to mongoDb Server: ac-2zusv6v-shard-00-02.lq7uklz.mongodb.net, 2023-12-21 15:45:04 
[info] Server is started running, You are listening the port: 10000, 2023-12-21 15:46:28 
[info] Server is running!
API documentation: http://localhost:10000/doc, 2023-12-21 15:46:28 
[info] Connect to mongoDb Server: ac-2zusv6v-shard-00-00.lq7uklz.mongodb.net, 2023-12-21 15:46:29 
[info] Server is started running, You are listening the port: 10000, 2023-12-21 15:46:30 
[info] Server is running!
API documentation: http://localhost:10000/doc, 2023-12-21 15:46:30 
[info] Connect to mongoDb Server: ac-2zusv6v-shard-00-02.lq7uklz.mongodb.net, 2023-12-21 15:46:31 
[info] Server is started running, You are listening the port: 10000, 2023-12-21 15:46:35 
[info] Server is running!
API documentation: http://localhost:10000/doc, 2023-12-21 15:46:35 
[info] Connect to mongoDb Server: ac-2zusv6v-shard-00-02.lq7uklz.mongodb.net, 2023-12-21 15:46:35 
[info] Server is started running, You are listening the port: 10000, 2023-12-21 15:46:44 
[info] Server is running!
API documentation: http://localhost:10000/doc, 2023-12-21 15:46:44 
[info] Connect to mongoDb Server: ac-2zusv6v-shard-00-02.lq7uklz.mongodb.net, 2023-12-21 15:46:45 
[info] Server is started running, You are listening the port: 10000, 2023-12-21 15:47:09 
[info] Server is running!
API documentation: http://localhost:10000/doc, 2023-12-21 15:47:09 
[info] Connect to mongoDb Server: ac-2zusv6v-shard-00-02.lq7uklz.mongodb.net, 2023-12-21 15:47:10 
[info] Server is started running, You are listening the port: 10000, 2023-12-21 15:47:13 
[info] Server is running!
API documentation: http://localhost:10000/doc, 2023-12-21 15:47:13 
[info] Connect to mongoDb Server: ac-2zusv6v-shard-00-02.lq7uklz.mongodb.net, 2023-12-21 15:47:14 
[info] Server is started running, You are listening the port: 10000, 2023-12-21 15:48:06 
[info] Server is running!
API documentation: http://localhost:10000/doc, 2023-12-21 15:48:06 
[info] Connect to mongoDb Server: ac-2zusv6v-shard-00-00.lq7uklz.mongodb.net, 2023-12-21 15:48:07 
[info] Server is started running, You are listening the port: 10000, 2023-12-21 15:48:11 
[info] Server is running!
API documentation: http://localhost:10000/doc, 2023-12-21 15:48:11 
[info] Connect to mongoDb Server: ac-2zusv6v-shard-00-02.lq7uklz.mongodb.net, 2023-12-21 15:48:12 
[info] Server is started running, You are listening the port: 10000, 2023-12-21 15:48:29 
[info] Server is running!
API documentation: http://localhost:10000/doc, 2023-12-21 15:48:29 
[info] Server is started running, You are listening the port: 10000, 2023-12-21 15:48:30 
[info] Server is running!
API documentation: http://localhost:10000/doc, 2023-12-21 15:48:30 
[info] Connect to mongoDb Server: ac-2zusv6v-shard-00-02.lq7uklz.mongodb.net, 2023-12-21 15:48:32 
[info] Server is started running, You are listening the port: 10000, 2023-12-21 15:48:34 
[info] Server is running!
API documentation: http://localhost:10000/doc, 2023-12-21 15:48:34 
[info] Connect to mongoDb Server: ac-2zusv6v-shard-00-02.lq7uklz.mongodb.net, 2023-12-21 15:48:35 
[info] Server is started running, You are listening the port: 10000, 2023-12-21 15:48:38 
[info] Server is running!
API documentation: http://localhost:10000/doc, 2023-12-21 15:48:38 
[info] Server is started running, You are listening the port: 10000, 2023-12-21 15:48:39 
[info] Server is running!
API documentation: http://localhost:10000/doc, 2023-12-21 15:48:39 
[info] Server is started running, You are listening the port: 10000, 2023-12-21 15:48:41 
[info] Server is running!
API documentation: http://localhost:10000/doc, 2023-12-21 15:48:41 
[info] Connect to mongoDb Server: ac-2zusv6v-shard-00-02.lq7uklz.mongodb.net, 2023-12-21 15:48:41 
[info] Server is started running, You are listening the port: 10000, 2023-12-21 15:48:43 
[info] Server is running!
API documentation: http://localhost:10000/doc, 2023-12-21 15:48:43 
[info] Server is started running, You are listening the port: 10000, 2023-12-21 15:48:44 
[info] Server is running!
API documentation: http://localhost:10000/doc, 2023-12-21 15:48:44 
[info] Connect to mongoDb Server: ac-2zusv6v-shard-00-02.lq7uklz.mongodb.net, 2023-12-21 15:48:45 
[info] Server is started running, You are listening the port: 10000, 2023-12-21 15:48:47 
[info] Server is running!
API documentation: http://localhost:10000/doc, 2023-12-21 15:48:47 
[info] Connect to mongoDb Server: ac-2zusv6v-shard-00-02.lq7uklz.mongodb.net, 2023-12-21 15:48:48 
[info] Server is started running, You are listening the port: 10000, 2023-12-21 15:49:01 
[info] Server is running!
API documentation: http://localhost:10000/doc, 2023-12-21 15:49:01 
[info] Connect to mongoDb Server: ac-2zusv6v-shard-00-02.lq7uklz.mongodb.net, 2023-12-21 15:49:03 
[info] Server is started running, You are listening the port: 10000, 2023-12-21 15:49:05 
[info] Server is running!
API documentation: http://localhost:10000/doc, 2023-12-21 15:49:05 
[info] Connect to mongoDb Server: ac-2zusv6v-shard-00-02.lq7uklz.mongodb.net, 2023-12-21 15:49:05 
[info] Server is started running, You are listening the port: 10000, 2023-12-21 15:49:10 
[info] Server is running!
API documentation: http://localhost:10000/doc, 2023-12-21 15:49:10 
[info] Connect to mongoDb Server: ac-2zusv6v-shard-00-00.lq7uklz.mongodb.net, 2023-12-21 15:49:11 
[info] Server is started running, You are listening the port: 10000, 2023-12-21 15:49:18 
[info] Server is running!
API documentation: http://localhost:10000/doc, 2023-12-21 15:49:18 
[info] Connect to mongoDb Server: ac-2zusv6v-shard-00-02.lq7uklz.mongodb.net, 2023-12-21 15:49:18 
[info] Server is started running, You are listening the port: 10000, 2023-12-21 15:49:20 
[info] Server is running!
API documentation: http://localhost:10000/doc, 2023-12-21 15:49:20 
[info] Server is started running, You are listening the port: 10000, 2023-12-21 15:49:22 
[info] Server is running!
API documentation: http://localhost:10000/doc, 2023-12-21 15:49:22 
[info] Connect to mongoDb Server: ac-2zusv6v-shard-00-02.lq7uklz.mongodb.net, 2023-12-21 15:49:23 
[info] Server is started running, You are listening the port: 10000, 2023-12-21 15:49:25 
[info] Server is running!
API documentation: http://localhost:10000/doc, 2023-12-21 15:49:25 
[info] Connect to mongoDb Server: ac-2zusv6v-shard-00-02.lq7uklz.mongodb.net, 2023-12-21 15:49:27 
[info] Server is started running, You are listening the port: 10000, 2023-12-21 15:49:35 
[info] Server is running!
API documentation: http://localhost:10000/doc, 2023-12-21 15:49:35 
[info] Connect to mongoDb Server: ac-2zusv6v-shard-00-02.lq7uklz.mongodb.net, 2023-12-21 15:49:36 
[info] Server is started running, You are listening the port: 10000, 2023-12-21 15:49:40 
[info] Server is running!
API documentation: http://localhost:10000/doc, 2023-12-21 15:49:40 
[info] Connect to mongoDb Server: ac-2zusv6v-shard-00-02.lq7uklz.mongodb.net, 2023-12-21 15:49:41 
[info] Server is started running, You are listening the port: 10000, 2023-12-21 15:50:44 
[info] Server is running!
API documentation: http://localhost:10000/doc, 2023-12-21 15:50:44 
[info] Connect to mongoDb Server: ac-2zusv6v-shard-00-00.lq7uklz.mongodb.net, 2023-12-21 15:50:45 
[info] Server is started running, You are listening the port: 10000, 2023-12-21 15:50:46 
[info] Server is running!
API documentation: http://localhost:10000/doc, 2023-12-21 15:50:46 
[info] Connect to mongoDb Server: ac-2zusv6v-shard-00-02.lq7uklz.mongodb.net, 2023-12-21 15:50:47 
[info] Server is started running, You are listening the port: 10000, 2023-12-21 15:50:54 
[info] Server is running!
API documentation: http://localhost:10000/doc, 2023-12-21 15:50:55 
[info] Connect to mongoDb Server: ac-2zusv6v-shard-00-02.lq7uklz.mongodb.net, 2023-12-21 15:50:55 
[info] All task have been responded!, 2023-12-21 16:09:51 
[info] All task have been responded!, 2023-12-21 16:09:58 
[info] All task have been responded!, 2023-12-21 16:22:37 
[info] All task have been responded!, 2023-12-21 16:22:39 
[info] All task have been responded!, 2023-12-21 16:25:55 
[info] All task have been responded!, 2023-12-21 16:25:57 
[info] All task have been responded!, 2023-12-21 16:26:17 
[info] All task have been responded!, 2023-12-21 16:29:23 
[info] All task have been responded!, 2023-12-21 16:37:09 
[info] All task have been responded!, 2023-12-21 16:37:13 
[info] All task have been responded!, 2023-12-21 16:37:31 
[info] All task have been responded!, 2023-12-21 16:40:07 
[info] All task have been responded!, 2023-12-21 16:42:49 
[info] All task have been responded!, 2023-12-21 16:43:05 
[info] Server is started running, You are listening the port: 10000, 2023-12-21 16:53:51 
[info] Server is running!
API documentation: http://localhost:10000/doc, 2023-12-21 16:53:51 
[info] Connect to mongoDb Server: ac-2zusv6v-shard-00-00.lq7uklz.mongodb.net, 2023-12-21 16:53:52 
[info] Server is started running, You are listening the port: 10000, 2023-12-21 16:54:25 
[info] Server is running!
API documentation: http://localhost:10000/doc, 2023-12-21 16:54:25 
[info] Connect to mongoDb Server: ac-2zusv6v-shard-00-02.lq7uklz.mongodb.net, 2023-12-21 16:54:27 
[info] Server is started running, You are listening the port: 10000, 2023-12-21 16:54:29 
[info] Server is running!
API documentation: http://localhost:10000/doc, 2023-12-21 16:54:29 
[info] Connect to mongoDb Server: ac-2zusv6v-shard-00-02.lq7uklz.mongodb.net, 2023-12-21 16:54:30 
[info] Server is started running, You are listening the port: 10000, 2023-12-21 16:55:13 
[info] Server is running!
API documentation: http://localhost:10000/doc, 2023-12-21 16:55:13 
[info] Server is started running, You are listening the port: 10000, 2023-12-21 16:55:26 
[info] Server is running!
API documentation: http://localhost:10000/doc, 2023-12-21 16:55:26 
[info] Connect to mongoDb Server: ac-2zusv6v-shard-00-02.lq7uklz.mongodb.net, 2023-12-21 16:55:27 
[info] Server is started running, You are listening the port: 10000, 2023-12-21 16:56:07 
[info] Server is running!
API documentation: http://localhost:10000/doc, 2023-12-21 16:56:07 
[info] Connect to mongoDb Server: ac-2zusv6v-shard-00-02.lq7uklz.mongodb.net, 2023-12-21 16:56:08 
[info] Server is started running, You are listening the port: 10000, 2023-12-21 16:56:19 
[info] Server is running!
API documentation: http://localhost:10000/doc, 2023-12-21 16:56:19 
[info] Connect to mongoDb Server: ac-2zusv6v-shard-00-00.lq7uklz.mongodb.net, 2023-12-21 16:56:21 
[info] Server is started running, You are listening the port: 10000, 2023-12-21 16:56:50 
[info] Server is running!
API documentation: http://localhost:10000/doc, 2023-12-21 16:56:50 
[info] Connect to mongoDb Server: ac-2zusv6v-shard-00-02.lq7uklz.mongodb.net, 2023-12-21 16:56:51 
[info] Server is started running, You are listening the port: 10000, 2023-12-21 16:56:53 
[info] Server is running!
API documentation: http://localhost:10000/doc, 2023-12-21 16:56:53 
[info] Connect to mongoDb Server: ac-2zusv6v-shard-00-02.lq7uklz.mongodb.net, 2023-12-21 16:56:55 
[info] Server is started running, You are listening the port: 10000, 2023-12-21 16:57:25 
[info] Server is running!
API documentation: http://localhost:10000/doc, 2023-12-21 16:57:25 
[info] Connect to mongoDb Server: ac-2zusv6v-shard-00-00.lq7uklz.mongodb.net, 2023-12-21 16:57:26 
[info] Server is started running, You are listening the port: 10000, 2023-12-21 16:57:30 
[info] Server is running!
API documentation: http://localhost:10000/doc, 2023-12-21 16:57:30 
[info] Connect to mongoDb Server: ac-2zusv6v-shard-00-02.lq7uklz.mongodb.net, 2023-12-21 16:57:31 
[info] Server is started running, You are listening the port: 10000, 2023-12-21 16:58:12 
[info] Server is running!
API documentation: http://localhost:10000/doc, 2023-12-21 16:58:12 
[info] Connect to mongoDb Server: ac-2zusv6v-shard-00-02.lq7uklz.mongodb.net, 2023-12-21 16:58:13 
[info] Server is started running, You are listening the port: 10000, 2023-12-21 16:58:32 
[info] Server is running!
API documentation: http://localhost:10000/doc, 2023-12-21 16:58:32 
[info] Server is started running, You are listening the port: 10000, 2023-12-21 16:58:35 
[info] Server is running!
API documentation: http://localhost:10000/doc, 2023-12-21 16:58:35 
[info] Connect to mongoDb Server: ac-2zusv6v-shard-00-02.lq7uklz.mongodb.net, 2023-12-21 16:58:36 
[info] Server is started running, You are listening the port: 10000, 2023-12-21 16:59:29 
[info] Server is running!
API documentation: http://localhost:10000/doc, 2023-12-21 16:59:29 
[info] Connect to mongoDb Server: ac-2zusv6v-shard-00-02.lq7uklz.mongodb.net, 2023-12-21 16:59:29 
[info] Server is started running, You are listening the port: 10000, 2023-12-21 16:59:33 
[info] Server is running!
API documentation: http://localhost:10000/doc, 2023-12-21 16:59:33 
[info] Connect to mongoDb Server: ac-2zusv6v-shard-00-00.lq7uklz.mongodb.net, 2023-12-21 16:59:33 
[info] Server is started running, You are listening the port: 10000, 2023-12-21 17:04:19 
[info] Server is running!
API documentation: http://localhost:10000/doc, 2023-12-21 17:04:19 
[info] Server is started running, You are listening the port: 10000, 2023-12-21 17:04:24 
[info] Server is running!
API documentation: http://localhost:10000/doc, 2023-12-21 17:04:24 
[info] Connect to mongoDb Server: ac-2zusv6v-shard-00-02.lq7uklz.mongodb.net, 2023-12-21 17:04:25 
[info] Server is started running, You are listening the port: 10000, 2023-12-21 17:06:50 
[info] Server is running!
API documentation: http://localhost:10000/doc, 2023-12-21 17:06:50 
[info] Connect to mongoDb Server: ac-2zusv6v-shard-00-00.lq7uklz.mongodb.net, 2023-12-21 17:06:51 
[info] Server is started running, You are listening the port: 10000, 2023-12-21 17:06:54 
[info] Server is running!
API documentation: http://localhost:10000/doc, 2023-12-21 17:06:54 
[info] Connect to mongoDb Server: ac-2zusv6v-shard-00-02.lq7uklz.mongodb.net, 2023-12-21 17:06:54 
[info] All task have been responded!, 2023-12-21 17:37:33 
[info] All task have been responded!, 2023-12-21 17:38:37 
[info] All task have been responded!, 2023-12-21 17:39:01 
[info] All task have been responded!, 2023-12-21 17:39:57 
[info] All task have been responded!, 2023-12-21 17:48:57 
[info] All task have been responded!, 2023-12-21 17:48:58 
[info] Server is started running, You are listening the port: 10000, 2023-12-21 18:40:54 
[info] Server is running!
API documentation: http://localhost:10000/doc, 2023-12-21 18:40:54 
[info] Connect to mongoDb Server: ac-2zusv6v-shard-00-00.lq7uklz.mongodb.net, 2023-12-21 18:40:54 
[info] Server is started running, You are listening the port: 10000, 2023-12-21 18:40:56 
[info] Server is running!
API documentation: http://localhost:10000/doc, 2023-12-21 18:40:56 
[info] Connect to mongoDb Server: ac-2zusv6v-shard-00-02.lq7uklz.mongodb.net, 2023-12-21 18:40:56 
[info] Server is started running, You are listening the port: 10000, 2023-12-21 18:41:31 
[info] Server is running!
API documentation: http://localhost:10000/doc, 2023-12-21 18:41:31 
[info] Connect to mongoDb Server: ac-2zusv6v-shard-00-02.lq7uklz.mongodb.net, 2023-12-21 18:41:31 
[info] All task have been responded!, 2023-12-21 18:43:10 
[info] Server is started running, You are listening the port: 10000, 2023-12-22 10:44:21 
[info] Server is running!
API documentation: http://localhost:10000/doc, 2023-12-22 10:44:21 
[info] Connect to mongoDb Server: ac-2zusv6v-shard-00-00.lq7uklz.mongodb.net, 2023-12-22 10:44:22 
[info] All task have been responded!, 2023-12-22 10:44:27 
[info] Server is started running, You are listening the port: 10000, 2023-12-22 10:53:26 
[info] Server is running!
API documentation: http://localhost:10000/doc, 2023-12-22 10:53:26 
[info] Connect to mongoDb Server: ac-2zusv6v-shard-00-00.lq7uklz.mongodb.net, 2023-12-22 10:53:27 
[info] Server is started running, You are listening the port: 10000, 2023-12-22 10:53:33 
[info] Server is running!
API documentation: http://localhost:10000/doc, 2023-12-22 10:53:33 
[info] Connect to mongoDb Server: ac-2zusv6v-shard-00-02.lq7uklz.mongodb.net, 2023-12-22 10:53:33 
[info] Server is started running, You are listening the port: 10000, 2023-12-22 10:53:36 
[info] Server is running!
API documentation: http://localhost:10000/doc, 2023-12-22 10:53:36 
[info] Connect to mongoDb Server: ac-2zusv6v-shard-00-02.lq7uklz.mongodb.net, 2023-12-22 10:53:36 
[info] Server is started running, You are listening the port: 10000, 2023-12-22 10:53:43 
[info] Server is running!
API documentation: http://localhost:10000/doc, 2023-12-22 10:53:43 
[info] Connect to mongoDb Server: ac-2zusv6v-shard-00-02.lq7uklz.mongodb.net, 2023-12-22 10:53:43 
[info] Server is started running, You are listening the port: 10000, 2023-12-22 10:53:48 
[info] Server is running!
API documentation: http://localhost:10000/doc, 2023-12-22 10:53:48 
[info] Connect to mongoDb Server: ac-2zusv6v-shard-00-02.lq7uklz.mongodb.net, 2023-12-22 10:53:49 
[info] Server is started running, You are listening the port: 10000, 2023-12-22 10:54:18 
[info] Server is running!
API documentation: http://localhost:10000/doc, 2023-12-22 10:54:18 
[info] Connect to mongoDb Server: ac-2zusv6v-shard-00-02.lq7uklz.mongodb.net, 2023-12-22 10:54:19 
[info] Server is started running, You are listening the port: 10000, 2023-12-22 10:54:58 
[info] Server is running!
API documentation: http://localhost:10000/doc, 2023-12-22 10:54:58 
[info] Connect to mongoDb Server: ac-2zusv6v-shard-00-00.lq7uklz.mongodb.net, 2023-12-22 10:54:59 
[info] Server is started running, You are listening the port: 10000, 2023-12-22 10:55:38 
[info] Server is running!
API documentation: http://localhost:10000/doc, 2023-12-22 10:55:38 
[info] Connect to mongoDb Server: ac-2zusv6v-shard-00-02.lq7uklz.mongodb.net, 2023-12-22 10:55:38 
[info] Server is started running, You are listening the port: 10000, 2023-12-22 10:57:13 
[info] Server is running!
API documentation: http://localhost:10000/doc, 2023-12-22 10:57:13 
[info] Connect to mongoDb Server: ac-2zusv6v-shard-00-00.lq7uklz.mongodb.net, 2023-12-22 10:57:14 
[info] Server is started running, You are listening the port: 10000, 2023-12-22 11:03:42 
[info] Server is running!
API documentation: http://localhost:10000/doc, 2023-12-22 11:03:42 
[info] Connect to mongoDb Server: ac-2zusv6v-shard-00-00.lq7uklz.mongodb.net, 2023-12-22 11:03:42 
[info] Server is started running, You are listening the port: 10000, 2023-12-22 11:12:54 
[info] Server is running!
API documentation: http://localhost:10000/doc, 2023-12-22 11:12:54 
[info] Connect to mongoDb Server: ac-2zusv6v-shard-00-00.lq7uklz.mongodb.net, 2023-12-22 11:12:55 
[info] Server is started running, You are listening the port: 10000, 2023-12-22 11:16:37 
[info] Server is running!
API documentation: http://localhost:10000/doc, 2023-12-22 11:16:37 
[info] Server is started running, You are listening the port: 10000, 2023-12-22 11:16:39 
[info] Server is running!
API documentation: http://localhost:10000/doc, 2023-12-22 11:16:39 
[info] Connect to mongoDb Server: ac-2zusv6v-shard-00-02.lq7uklz.mongodb.net, 2023-12-22 11:16:39 
[info] All task have been responded!, 2023-12-22 11:18:08 
[info] Successfully created you task!, 2023-12-22 11:18:21 
[info] All task have been responded!, 2023-12-22 11:18:23 
[info] Task has been deleted from database!, 2023-12-22 11:18:31 
[info] All task have been responded!, 2023-12-22 11:18:32 
[info] Recored successfully has been updated!, 2023-12-22 11:18:42 
[info] All task have been responded!, 2023-12-22 11:18:44 
[info] All task have been responded!, 2023-12-22 11:29:41 
[info] Server is started running, You are listening the port: 10000, 2023-12-22 12:18:12 
[info] Server is running!
API documentation: http://localhost:10000/doc, 2023-12-22 12:18:12 
[info] Connect to mongoDb Server: ac-2zusv6v-shard-00-00.lq7uklz.mongodb.net, 2023-12-22 12:18:13 
[info] All task have been responded!, 2023-12-22 12:18:17 
[info] User Successfully registered!! You can login!, 2023-12-22 13:20:06 
[info] User Successfully registered!! You can login!, 2023-12-22 13:24:13 
[info] User Successfully registered!! You can login!, 2023-12-22 13:26:00 
[info] User Successfully registered!! You can login!, 2023-12-22 13:27:31 
[info] User Successfully registered!! You can login!, 2023-12-22 13:28:56 
[error] User is not Registered!, 2023-12-22 13:29:20 
[error] Wrong Credentials!!!, 2023-12-22 13:29:29 
[info] You have no any current Task!, 2023-12-22 13:29:37 
[info] You have no any current Task!, 2023-12-22 13:32:41 
[info] You have no any current Task!, 2023-12-22 13:33:44 
[info] You have no any current Task!, 2023-12-22 13:33:48 
[info] All task have been responded!, 2023-12-22 13:35:15 
[info] You have no any current Task!, 2023-12-22 13:36:18 
[info] You have no any current Task!, 2023-12-22 13:41:28 
[info] All task have been responded!, 2023-12-22 13:45:53 
[info] All task have been responded!, 2023-12-22 14:01:09 
[info] All task have been responded!, 2023-12-22 15:12:57 
[info] You have no any current Task!, 2023-12-22 15:13:25 
[info] You have no any current Task!, 2023-12-22 15:35:29 
[info] All task have been responded!, 2023-12-26 10:09:46 
[info] Server is started running, You are listening the port: 10000, 2023-12-26 13:30:02 
[info] Server is running!
API documentation: http://localhost:10000/doc, 2023-12-26 13:30:02 
[info] Connect to mongoDb Server: ac-2zusv6v-shard-00-00.lq7uklz.mongodb.net, 2023-12-26 13:30:03 
[info] Server is started running, You are listening the port: 10000, 2023-12-26 13:30:11 
[info] Server is running!
API documentation: http://localhost:10000/doc, 2023-12-26 13:30:11 
[info] Server is started running, You are listening the port: 10000, 2023-12-26 13:30:16 
[info] Server is running!
API documentation: http://localhost:10000/doc, 2023-12-26 13:30:16 
[info] Connect to mongoDb Server: ac-2zusv6v-shard-00-02.lq7uklz.mongodb.net, 2023-12-26 13:30:17 
[info] Server is started running, You are listening the port: 10000, 2023-12-26 13:30:22 
[info] Server is running!
API documentation: http://localhost:10000/doc, 2023-12-26 13:30:22 
[info] Connect to mongoDb Server: ac-2zusv6v-shard-00-02.lq7uklz.mongodb.net, 2023-12-26 13:30:23 
[info] Server is started running, You are listening the port: 10000, 2023-12-27 15:13:15 
[info] Server is running!
API documentation: http://localhost:10000/doc, 2023-12-27 15:13:15 
[info] Connect to mongoDb Server: ac-2zusv6v-shard-00-00.lq7uklz.mongodb.net, 2023-12-27 15:13:16 
[info] All task have been responded!, 2023-12-27 15:13:48 
[info] You have no any current Task!, 2023-12-27 15:14:40 
[info] Successfully created you task!, 2023-12-27 15:14:51 
[info] All task have been responded!, 2023-12-27 15:14:52 
[info] Server is started running, You are listening the port: 10000, 2023-12-27 15:19:20 
[info] Server is running!
API documentation: http://localhost:10000/doc, 2023-12-27 15:19:20 
[info] Connect to mongoDb Server: ac-2zusv6v-shard-00-02.lq7uklz.mongodb.net, 2023-12-27 15:19:20 
[info] Server is started running, You are listening the port: 10000, 2023-12-27 15:19:51 
[info] Server is running!
API documentation: http://localhost:10000/doc, 2023-12-27 15:19:51 
[info] Connect to mongoDb Server: ac-2zusv6v-shard-00-00.lq7uklz.mongodb.net, 2023-12-27 15:19:52 
[info] All task have been responded!, 2023-12-27 15:35:42 
[info] All task have been responded!, 2023-12-27 16:25:36 
[info] Server is started running, You are listening the port: 10000, 2023-12-27 16:49:26 
[info] Server is running!
API documentation: http://localhost:10000/doc, 2023-12-27 16:49:26 
[info] Server is started running, You are listening the port: 10000, 2023-12-27 16:49:28 
[info] Server is running!
API documentation: http://localhost:10000/doc, 2023-12-27 16:49:28 
[info] Connect to mongoDb Server: ac-2zusv6v-shard-00-02.lq7uklz.mongodb.net, 2023-12-27 16:49:29 
[info] Server is started running, You are listening the port: 10000, 2023-12-27 16:49:30 
[info] Server is running!
API documentation: http://localhost:10000/doc, 2023-12-27 16:49:30 
[info] Connect to mongoDb Server: ac-2zusv6v-shard-00-02.lq7uklz.mongodb.net, 2023-12-27 16:49:31 
[info] Server is started running, You are listening the port: 10000, 2023-12-27 16:49:37 
[info] Server is running!
API documentation: http://localhost:10000/doc, 2023-12-27 16:49:37 
[info] Connect to mongoDb Server: ac-2zusv6v-shard-00-02.lq7uklz.mongodb.net, 2023-12-27 16:49:38 
[info] Server is started running, You are listening the port: 10000, 2023-12-27 16:49:39 
[info] Server is running!
API documentation: http://localhost:10000/doc, 2023-12-27 16:49:39 
[info] Connect to mongoDb Server: ac-2zusv6v-shard-00-02.lq7uklz.mongodb.net, 2023-12-27 16:49:40 
[info] Server is started running, You are listening the port: 10000, 2023-12-27 16:50:00 
[info] Server is running!
API documentation: http://localhost:10000/doc, 2023-12-27 16:50:00 
[info] Connect to mongoDb Server: ac-2zusv6v-shard-00-02.lq7uklz.mongodb.net, 2023-12-27 16:50:01 
[info] Server is started running, You are listening the port: 10000, 2023-12-27 16:50:03 
[info] Server is running!
API documentation: http://localhost:10000/doc, 2023-12-27 16:50:03 
[info] Connect to mongoDb Server: ac-2zusv6v-shard-00-02.lq7uklz.mongodb.net, 2023-12-27 16:50:04 
[info] Server is started running, You are listening the port: 10000, 2023-12-27 16:50:08 
[info] Server is running!
API documentation: http://localhost:10000/doc, 2023-12-27 16:50:08 
[info] Connect to mongoDb Server: ac-2zusv6v-shard-00-02.lq7uklz.mongodb.net, 2023-12-27 16:50:08 
[info] Server is started running, You are listening the port: 10000, 2023-12-27 16:50:28 
[info] Server is running!
API documentation: http://localhost:10000/doc, 2023-12-27 16:50:28 
[info] Server is started running, You are listening the port: 10000, 2023-12-27 16:50:30 
[info] Server is running!
API documentation: http://localhost:10000/doc, 2023-12-27 16:50:30 
[info] Connect to mongoDb Server: ac-2zusv6v-shard-00-00.lq7uklz.mongodb.net, 2023-12-27 16:50:45 
[info] Server is started running, You are listening the port: 10000, 2023-12-27 16:50:48 
[info] Server is running!
API documentation: http://localhost:10000/doc, 2023-12-27 16:50:48 
[info] Server is started running, You are listening the port: 10000, 2023-12-27 16:50:51 
[info] Server is running!
API documentation: http://localhost:10000/doc, 2023-12-27 16:50:51 
[info] Connect to mongoDb Server: ac-2zusv6v-shard-00-00.lq7uklz.mongodb.net, 2023-12-27 16:50:57 
[info] All task have been responded!, 2023-12-27 17:13:42 
[info] All task have been responded!, 2023-12-27 17:13:58 
[info] All task have been responded!, 2023-12-27 17:16:23 
[info] All task have been responded!, 2023-12-27 17:16:35 
[info] All task have been responded!, 2023-12-27 17:17:17 
[info] All task have been responded!, 2023-12-27 17:25:22 
[info] All task have been responded!, 2023-12-27 17:25:27 
[info] All task have been responded!, 2023-12-27 17:25:38 
[info] All task have been responded!, 2023-12-27 17:25:56 
[info] All task have been responded!, 2023-12-27 17:26:17 
[info] All task have been responded!, 2023-12-27 17:27:17 
[info] All task have been responded!, 2023-12-27 17:27:38 
[info] All task have been responded!, 2023-12-27 17:28:17 
[info] All task have been responded!, 2023-12-27 17:30:39 
[info] All task have been responded!, 2023-12-27 17:40:41 
[info] All task have been responded!, 2023-12-27 17:41:48 
[info] Recored successfully has been updated!, 2023-12-27 17:41:53 
[info] All task have been responded!, 2023-12-27 17:41:55 
[info] All task have been responded!, 2023-12-27 17:43:31 
[info] All task have been responded!, 2023-12-27 17:53:32 
[info] All task have been responded!, 2023-12-27 17:53:43 
[info] Successfully created you task!, 2023-12-27 17:53:53 
[info] All task have been responded!, 2023-12-27 17:53:55 
[info] All task have been responded!, 2023-12-27 17:56:19 
[info] All task have been responded!, 2023-12-27 17:57:00 
[info] All task have been responded!, 2023-12-27 17:58:01 
[info] All task have been responded!, 2023-12-27 18:01:31 
[info] Recored successfully has been updated!, 2023-12-27 18:01:39 
[info] All task have been responded!, 2023-12-27 18:01:41 
[info] All task have been responded!, 2023-12-27 18:01:44 
[info] Server is started running, You are listening the port: 10000, 2023-12-27 18:02:06 
[info] Server is running!
API documentation: http://localhost:10000/doc, 2023-12-27 18:02:06 
[info] Connect to mongoDb Server: ac-2zusv6v-shard-00-00.lq7uklz.mongodb.net, 2023-12-27 18:02:07 
[info] Server is started running, You are listening the port: 10000, 2023-12-27 18:03:33 
[info] Server is running!
API documentation: http://localhost:10000/doc, 2023-12-27 18:03:33 
[info] Connect to mongoDb Server: ac-2zusv6v-shard-00-00.lq7uklz.mongodb.net, 2023-12-27 18:03:34 
[info] Server is started running, You are listening the port: 10000, 2023-12-27 18:03:43 
[info] Server is running!
API documentation: http://localhost:10000/doc, 2023-12-27 18:03:43 
[info] Connect to mongoDb Server: ac-2zusv6v-shard-00-02.lq7uklz.mongodb.net, 2023-12-27 18:03:44 
[info] Server is started running, You are listening the port: 10000, 2023-12-27 18:03:49 
[info] Server is running!
API documentation: http://localhost:10000/doc, 2023-12-27 18:03:49 
[info] Connect to mongoDb Server: ac-2zusv6v-shard-00-02.lq7uklz.mongodb.net, 2023-12-27 18:03:49 
[info] Server is started running, You are listening the port: 10000, 2023-12-27 18:04:29 
[info] Server is running!
API documentation: http://localhost:10000/doc, 2023-12-27 18:04:29 
[info] Server is started running, You are listening the port: 10000, 2023-12-27 18:04:31 
[info] Server is running!
API documentation: http://localhost:10000/doc, 2023-12-27 18:04:31 
[info] Server is started running, You are listening the port: 10000, 2023-12-27 18:04:35 
[info] Server is running!
API documentation: http://localhost:10000/doc, 2023-12-27 18:04:35 
[info] Connect to mongoDb Server: ac-2zusv6v-shard-00-00.lq7uklz.mongodb.net, 2023-12-27 18:04:47 
[info] Server is started running, You are listening the port: 10000, 2023-12-27 18:05:05 
[info] Server is running!
API documentation: http://localhost:10000/doc, 2023-12-27 18:05:05 
[info] Connect to mongoDb Server: ac-2zusv6v-shard-00-00.lq7uklz.mongodb.net, 2023-12-27 18:05:05 
[info] Server is started running, You are listening the port: 10000, 2023-12-27 18:05:10 
[info] Server is running!
API documentation: http://localhost:10000/doc, 2023-12-27 18:05:10 
[info] Connect to mongoDb Server: ac-2zusv6v-shard-00-00.lq7uklz.mongodb.net, 2023-12-27 18:05:17 
[info] Server is started running, You are listening the port: 10000, 2023-12-27 18:05:34 
[info] Server is running!
API documentation: http://localhost:10000/doc, 2023-12-27 18:05:34 
[info] Connect to mongoDb Server: ac-2zusv6v-shard-00-00.lq7uklz.mongodb.net, 2023-12-27 18:05:36 
[info] Server is started running, You are listening the port: 10000, 2023-12-27 18:05:53 
[info] Server is running!
API documentation: http://localhost:10000/doc, 2023-12-27 18:05:53 
[info] Connect to mongoDb Server: ac-2zusv6v-shard-00-00.lq7uklz.mongodb.net, 2023-12-27 18:05:54 
[info] Server is started running, You are listening the port: 10000, 2023-12-27 18:06:13 
[info] Server is running!
API documentation: http://localhost:10000/doc, 2023-12-27 18:06:13 
[info] Connect to mongoDb Server: ac-2zusv6v-shard-00-02.lq7uklz.mongodb.net, 2023-12-27 18:06:14 
[info] Server is started running, You are listening the port: 10000, 2023-12-27 18:06:15 
[info] Server is running!
API documentation: http://localhost:10000/doc, 2023-12-27 18:06:15 
[info] Connect to mongoDb Server: ac-2zusv6v-shard-00-02.lq7uklz.mongodb.net, 2023-12-27 18:06:15 
[info] Server is started running, You are listening the port: 10000, 2023-12-27 18:24:02 
[info] Server is running!
API documentation: http://localhost:10000/doc, 2023-12-27 18:24:02 
[info] Connect to mongoDb Server: ac-2zusv6v-shard-00-00.lq7uklz.mongodb.net, 2023-12-27 18:24:02 
[info] Server is started running, You are listening the port: 10000, 2023-12-27 18:24:13 
[info] Server is running!
API documentation: http://localhost:10000/doc, 2023-12-27 18:24:13 
[info] Connect to mongoDb Server: ac-2zusv6v-shard-00-02.lq7uklz.mongodb.net, 2023-12-27 18:24:14 
[info] Server is started running, You are listening the port: 10000, 2023-12-27 18:24:20 
[info] Server is running!
API documentation: http://localhost:10000/doc, 2023-12-27 18:24:20 
[info] Connect to mongoDb Server: ac-2zusv6v-shard-00-02.lq7uklz.mongodb.net, 2023-12-27 18:24:20 
[info] Server is started running, You are listening the port: 10000, 2023-12-27 18:24:21 
[info] Server is running!
API documentation: http://localhost:10000/doc, 2023-12-27 18:24:21 
[info] Server is started running, You are listening the port: 10000, 2023-12-27 18:24:23 
[info] Server is running!
API documentation: http://localhost:10000/doc, 2023-12-27 18:24:23 
[info] Connect to mongoDb Server: ac-2zusv6v-shard-00-02.lq7uklz.mongodb.net, 2023-12-27 18:24:24 
[info] Server is started running, You are listening the port: 10000, 2023-12-27 18:24:38 
[info] Server is running!
API documentation: http://localhost:10000/doc, 2023-12-27 18:24:38 
[info] Connect to mongoDb Server: ac-2zusv6v-shard-00-02.lq7uklz.mongodb.net, 2023-12-27 18:24:39 
[info] Server is started running, You are listening the port: 10000, 2023-12-27 18:24:51 
[info] Server is running!
API documentation: http://localhost:10000/doc, 2023-12-27 18:24:51 
[info] Connect to mongoDb Server: ac-2zusv6v-shard-00-02.lq7uklz.mongodb.net, 2023-12-27 18:24:52 
[info] Server is started running, You are listening the port: 10000, 2023-12-27 18:24:56 
[info] Server is running!
API documentation: http://localhost:10000/doc, 2023-12-27 18:24:56 
[info] Server is started running, You are listening the port: 10000, 2023-12-27 18:24:58 
[info] Server is running!
API documentation: http://localhost:10000/doc, 2023-12-27 18:24:58 
[info] Connect to mongoDb Server: ac-2zusv6v-shard-00-02.lq7uklz.mongodb.net, 2023-12-27 18:24:58 
[info] Server is started running, You are listening the port: 10000, 2023-12-27 18:25:17 
[info] Server is running!
API documentation: http://localhost:10000/doc, 2023-12-27 18:25:17 
[info] Connect to mongoDb Server: ac-2zusv6v-shard-00-00.lq7uklz.mongodb.net, 2023-12-27 18:25:18 
[info] Server is started running, You are listening the port: 10000, 2023-12-27 18:25:19 
[info] Server is running!
API documentation: http://localhost:10000/doc, 2023-12-27 18:25:19 
[info] Connect to mongoDb Server: ac-2zusv6v-shard-00-02.lq7uklz.mongodb.net, 2023-12-27 18:25:20 
[info] Server is started running, You are listening the port: 10000, 2023-12-27 18:25:43 
[info] Server is running!
API documentation: http://localhost:10000/doc, 2023-12-27 18:25:43 
[info] Connect to mongoDb Server: ac-2zusv6v-shard-00-02.lq7uklz.mongodb.net, 2023-12-27 18:25:44 
[info] Server is started running, You are listening the port: 10000, 2023-12-27 18:25:50 
[info] Server is running!
API documentation: http://localhost:10000/doc, 2023-12-27 18:25:50 
[info] Connect to mongoDb Server: ac-2zusv6v-shard-00-02.lq7uklz.mongodb.net, 2023-12-27 18:25:51 
[info] Server is started running, You are listening the port: 10000, 2023-12-27 18:25:52 
[info] Server is running!
API documentation: http://localhost:10000/doc, 2023-12-27 18:25:52 
[info] Connect to mongoDb Server: ac-2zusv6v-shard-00-02.lq7uklz.mongodb.net, 2023-12-27 18:25:53 
[info] Server is started running, You are listening the port: 10000, 2023-12-27 18:25:54 
[info] Server is running!
API documentation: http://localhost:10000/doc, 2023-12-27 18:25:54 
[info] Connect to mongoDb Server: ac-2zusv6v-shard-00-02.lq7uklz.mongodb.net, 2023-12-27 18:25:55 
[info] Server is started running, You are listening the port: 10000, 2023-12-27 18:25:56 
[info] Server is running!
API documentation: http://localhost:10000/doc, 2023-12-27 18:25:56 
[info] Connect to mongoDb Server: ac-2zusv6v-shard-00-02.lq7uklz.mongodb.net, 2023-12-27 18:25:57 
[info] Server is started running, You are listening the port: 10000, 2023-12-27 18:25:59 
[info] Server is running!
API documentation: http://localhost:10000/doc, 2023-12-27 18:25:59 
[info] Connect to mongoDb Server: ac-2zusv6v-shard-00-02.lq7uklz.mongodb.net, 2023-12-27 18:25:59 
[info] Server is started running, You are listening the port: 10000, 2023-12-27 18:26:01 
[info] Server is running!
API documentation: http://localhost:10000/doc, 2023-12-27 18:26:01 
[info] Connect to mongoDb Server: ac-2zusv6v-shard-00-02.lq7uklz.mongodb.net, 2023-12-27 18:26:01 
[info] Server is started running, You are listening the port: 10000, 2023-12-27 18:26:09 
[info] Server is running!
API documentation: http://localhost:10000/doc, 2023-12-27 18:26:09 
[info] Connect to mongoDb Server: ac-2zusv6v-shard-00-02.lq7uklz.mongodb.net, 2023-12-27 18:26:10 
[info] Server is started running, You are listening the port: 10000, 2023-12-27 18:26:12 
[info] Server is running!
API documentation: http://localhost:10000/doc, 2023-12-27 18:26:12 
[info] Connect to mongoDb Server: ac-2zusv6v-shard-00-02.lq7uklz.mongodb.net, 2023-12-27 18:26:12 
[info] Server is started running, You are listening the port: 10000, 2023-12-27 18:26:17 
[info] Server is running!
API documentation: http://localhost:10000/doc, 2023-12-27 18:26:17 
[info] Connect to mongoDb Server: ac-2zusv6v-shard-00-00.lq7uklz.mongodb.net, 2023-12-27 18:26:18 
[info] Server is started running, You are listening the port: 10000, 2023-12-27 18:26:34 
[info] Server is running!
API documentation: http://localhost:10000/doc, 2023-12-27 18:26:34 
[info] Connect to mongoDb Server: ac-2zusv6v-shard-00-02.lq7uklz.mongodb.net, 2023-12-27 18:26:34 
[info] Server is started running, You are listening the port: 10000, 2023-12-27 18:26:38 
[info] Server is running!
API documentation: http://localhost:10000/doc, 2023-12-27 18:26:38 
[info] Connect to mongoDb Server: ac-2zusv6v-shard-00-02.lq7uklz.mongodb.net, 2023-12-27 18:26:39 
[info] Server is started running, You are listening the port: 10000, 2023-12-27 18:26:42 
[info] Server is running!
API documentation: http://localhost:10000/doc, 2023-12-27 18:26:42 
[info] Server is started running, You are listening the port: 10000, 2023-12-27 18:26:44 
[info] Server is running!
API documentation: http://localhost:10000/doc, 2023-12-27 18:26:44 
[info] Connect to mongoDb Server: ac-2zusv6v-shard-00-02.lq7uklz.mongodb.net, 2023-12-27 18:26:44 
[info] Server is started running, You are listening the port: 10000, 2023-12-27 18:26:52 
[info] Server is running!
API documentation: http://localhost:10000/doc, 2023-12-27 18:26:52 
[info] Connect to mongoDb Server: ac-2zusv6v-shard-00-02.lq7uklz.mongodb.net, 2023-12-27 18:26:53 
[info] Server is started running, You are listening the port: 10000, 2023-12-27 18:26:56 
[info] Server is running!
API documentation: http://localhost:10000/doc, 2023-12-27 18:26:56 
[info] Connect to mongoDb Server: ac-2zusv6v-shard-00-02.lq7uklz.mongodb.net, 2023-12-27 18:26:56 
[info] Server is started running, You are listening the port: 10000, 2023-12-27 18:27:01 
[info] Server is running!
API documentation: http://localhost:10000/doc, 2023-12-27 18:27:01 
[info] Server is started running, You are listening the port: 10000, 2023-12-27 18:27:03 
[info] Server is running!
API documentation: http://localhost:10000/doc, 2023-12-27 18:27:03 
[info] Connect to mongoDb Server: ac-2zusv6v-shard-00-02.lq7uklz.mongodb.net, 2023-12-27 18:27:03 
[info] Server is started running, You are listening the port: 10000, 2023-12-27 18:27:26 
[info] Server is running!
API documentation: http://localhost:10000/doc, 2023-12-27 18:27:26 
[info] Server is started running, You are listening the port: 10000, 2023-12-27 18:27:28 
[info] Server is running!
API documentation: http://localhost:10000/doc, 2023-12-27 18:27:28 
[info] Connect to mongoDb Server: ac-2zusv6v-shard-00-02.lq7uklz.mongodb.net, 2023-12-27 18:27:29 
[info] Server is started running, You are listening the port: 10000, 2023-12-27 18:27:40 
[info] Server is running!
API documentation: http://localhost:10000/doc, 2023-12-27 18:27:40 
[info] Connect to mongoDb Server: ac-2zusv6v-shard-00-02.lq7uklz.mongodb.net, 2023-12-27 18:27:40 
[info] Server is started running, You are listening the port: 10000, 2023-12-27 18:27:43 
[info] Server is running!
API documentation: http://localhost:10000/doc, 2023-12-27 18:27:43 
[info] Connect to mongoDb Server: ac-2zusv6v-shard-00-02.lq7uklz.mongodb.net, 2023-12-27 18:27:44 
[info] Server is started running, You are listening the port: 10000, 2023-12-27 18:28:00 
[info] Server is running!
API documentation: http://localhost:10000/doc, 2023-12-27 18:28:00 
[info] Connect to mongoDb Server: ac-2zusv6v-shard-00-02.lq7uklz.mongodb.net, 2023-12-27 18:28:01 
[info] Server is started running, You are listening the port: 10000, 2023-12-27 18:28:04 
[info] Server is running!
API documentation: http://localhost:10000/doc, 2023-12-27 18:28:04 
[info] Server is started running, You are listening the port: 10000, 2023-12-27 18:28:06 
[info] Server is running!
API documentation: http://localhost:10000/doc, 2023-12-27 18:28:06 
[info] Connect to mongoDb Server: ac-2zusv6v-shard-00-02.lq7uklz.mongodb.net, 2023-12-27 18:28:06 
[info] Server is started running, You are listening the port: 10000, 2023-12-27 18:28:12 
[info] Server is running!
API documentation: http://localhost:10000/doc, 2023-12-27 18:28:12 
[info] Connect to mongoDb Server: ac-2zusv6v-shard-00-02.lq7uklz.mongodb.net, 2023-12-27 18:28:12 
[info] Server is started running, You are listening the port: 10000, 2023-12-27 18:28:16 
[info] Server is running!
API documentation: http://localhost:10000/doc, 2023-12-27 18:28:16 
[info] Connect to mongoDb Server: ac-2zusv6v-shard-00-02.lq7uklz.mongodb.net, 2023-12-27 18:28:16 
[info] Server is started running, You are listening the port: 10000, 2023-12-27 18:28:22 
[info] Server is running!
API documentation: http://localhost:10000/doc, 2023-12-27 18:28:22 
[info] Connect to mongoDb Server: ac-2zusv6v-shard-00-02.lq7uklz.mongodb.net, 2023-12-27 18:28:22 
[info] Server is started running, You are listening the port: 10000, 2023-12-27 18:28:34 
[info] Server is running!
API documentation: http://localhost:10000/doc, 2023-12-27 18:28:34 
[info] Connect to mongoDb Server: ac-2zusv6v-shard-00-00.lq7uklz.mongodb.net, 2023-12-27 18:28:34 
[info] Server is started running, You are listening the port: 10000, 2023-12-27 18:28:42 
[info] Server is running!
API documentation: http://localhost:10000/doc, 2023-12-27 18:28:42 
[info] Connect to mongoDb Server: ac-2zusv6v-shard-00-02.lq7uklz.mongodb.net, 2023-12-27 18:28:43 
[info] Server is started running, You are listening the port: 10000, 2023-12-27 18:28:48 
[info] Server is running!
API documentation: http://localhost:10000/doc, 2023-12-27 18:28:48 
[info] Connect to mongoDb Server: ac-2zusv6v-shard-00-02.lq7uklz.mongodb.net, 2023-12-27 18:28:48 
[info] Server is started running, You are listening the port: 10000, 2023-12-27 18:28:52 
[info] Server is running!
API documentation: http://localhost:10000/doc, 2023-12-27 18:28:52 
[info] Connect to mongoDb Server: ac-2zusv6v-shard-00-02.lq7uklz.mongodb.net, 2023-12-27 18:28:52 
[info] Server is started running, You are listening the port: 10000, 2023-12-27 18:29:14 
[info] Server is running!
API documentation: http://localhost:10000/doc, 2023-12-27 18:29:14 
[info] Connect to mongoDb Server: ac-2zusv6v-shard-00-02.lq7uklz.mongodb.net, 2023-12-27 18:29:15 
[info] Server is started running, You are listening the port: 10000, 2023-12-27 18:29:19 
[info] Server is running!
API documentation: http://localhost:10000/doc, 2023-12-27 18:29:19 
[info] Connect to mongoDb Server: ac-2zusv6v-shard-00-02.lq7uklz.mongodb.net, 2023-12-27 18:29:19 
[info] Server is started running, You are listening the port: 10000, 2023-12-27 18:29:24 
[info] Server is running!
API documentation: http://localhost:10000/doc, 2023-12-27 18:29:24 
[info] Connect to mongoDb Server: ac-2zusv6v-shard-00-02.lq7uklz.mongodb.net, 2023-12-27 18:29:24 
[info] All task have been responded!, 2023-12-27 18:44:37 
[info] Server is started running, You are listening the port: 10000, 2023-12-27 18:47:27 
[info] Server is running!
API documentation: http://localhost:10000/doc, 2023-12-27 18:47:27 
[info] Connect to mongoDb Server: ac-2zusv6v-shard-00-00.lq7uklz.mongodb.net, 2023-12-27 18:47:43 
[info] Server is started running, You are listening the port: 10000, 2023-12-27 18:48:40 
[info] Server is running!
API documentation: http://localhost:10000/doc, 2023-12-27 18:48:40 
[info] Server is started running, You are listening the port: 10000, 2023-12-27 18:48:42 
[info] Server is running!
API documentation: http://localhost:10000/doc, 2023-12-27 18:48:42 
[info] Connect to mongoDb Server: ac-2zusv6v-shard-00-02.lq7uklz.mongodb.net, 2023-12-27 18:48:42 
[info] Server is started running, You are listening the port: 10000, 2023-12-27 18:48:53 
[info] Server is running!
API documentation: http://localhost:10000/doc, 2023-12-27 18:48:53 
[info] Server is started running, You are listening the port: 10000, 2023-12-27 18:48:55 
[info] Server is running!
API documentation: http://localhost:10000/doc, 2023-12-27 18:48:55 
[info] Connect to mongoDb Server: ac-2zusv6v-shard-00-00.lq7uklz.mongodb.net, 2023-12-27 18:49:12 
[info] Server is started running, You are listening the port: 10000, 2023-12-27 18:50:24 
[info] Server is running!
API documentation: http://localhost:10000/doc, 2023-12-27 18:50:24 
[info] Connect to mongoDb Server: ac-2zusv6v-shard-00-00.lq7uklz.mongodb.net, 2023-12-27 18:50:25 
[info] Server is started running, You are listening the port: 10000, 2023-12-27 18:50:27 
[info] Server is running!
API documentation: http://localhost:10000/doc, 2023-12-27 18:50:27 
[info] Connect to mongoDb Server: ac-2zusv6v-shard-00-02.lq7uklz.mongodb.net, 2023-12-27 18:50:28 
[info] Server is started running, You are listening the port: 10000, 2023-12-27 18:50:56 
[info] Server is running!
API documentation: http://localhost:10000/doc, 2023-12-27 18:50:56 
[info] Connect to mongoDb Server: ac-2zusv6v-shard-00-02.lq7uklz.mongodb.net, 2023-12-27 18:50:57 
[info] Server is started running, You are listening the port: 10000, 2023-12-27 18:51:07 
[info] Server is running!
API documentation: http://localhost:10000/doc, 2023-12-27 18:51:07 
[info] Connect to mongoDb Server: ac-2zusv6v-shard-00-02.lq7uklz.mongodb.net, 2023-12-27 18:51:07 
